0 verbose cli /usr/bin/node /usr/bin/npm
1 info using npm@9.2.0
2 info using node@v20.19.2
3 timing npm:load:whichnode Completed in 0ms
4 timing config:load:defaults Completed in 1ms
5 timing config:load:file:/usr/share/nodejs/npm/npmrc Completed in 2ms
6 timing config:load:builtin Completed in 2ms
7 timing config:load:cli Completed in 2ms
8 timing config:load:env Completed in 0ms
9 timing config:load:file:/var/www/html/.npmrc Completed in 0ms
10 timing config:load:project Completed in 2ms
11 timing config:load:file:/home/developer/.npmrc Completed in 0ms
12 timing config:load:user Completed in 0ms
13 timing config:load:file:/etc/npmrc Completed in 1ms
14 timing config:load:global Completed in 1ms
15 timing config:load:setEnvs Completed in 0ms
16 timing config:load Completed in 9ms
17 timing npm:load:configload Completed in 9ms
18 timing npm:load:mkdirpcache Completed in 1ms
19 timing npm:load:mkdirplogs Completed in 0ms
20 verbose title npm install
21 verbose argv "install" "--yes"
22 timing npm:load:setTitle Completed in 1ms
23 timing config:load:flatten Completed in 1ms
24 timing npm:load:display Completed in 2ms
25 verbose logfile logs-max:10 dir:/home/developer/.npm/_logs/2026-02-28T10_12_22_767Z-
26 verbose logfile /home/developer/.npm/_logs/2026-02-28T10_12_22_767Z-debug-0.log
27 timing npm:load:logFile Completed in 5ms
28 timing npm:load:timers Completed in 0ms
29 timing npm:load:configScope Completed in 0ms
30 timing npm:load Completed in 18ms
31 silly logfile done cleaning log files
32 timing config:load:flatten Completed in 1ms
33 timing arborist:ctor Completed in 1ms
34 timing idealTree:init Completed in 129ms
35 timing idealTree:userRequests Completed in 0ms
36 silly idealTree buildDeps
37 timing idealTree:#root Completed in 0ms
38 timing idealTree:node_modules/@tailwindcss/oxide-wasm32-wasi Completed in 0ms
39 timing idealTree:buildDeps Completed in 2ms
40 timing idealTree:fixDepFlags Completed in 1ms
41 timing idealTree Completed in 136ms
42 verbose shrinkwrap failed to load node_modules/.package-lock.json out of date, updated: node_modules
43 timing reify:loadTrees Completed in 361ms
44 timing reify:diffTrees Completed in 5ms
45 silly reify moves {}
46 timing reify:retireShallow Completed in 1ms
47 timing reify:createSparse Completed in 9ms
48 verbose reify failed optional dependency /var/www/html/node_modules/@tailwindcss/oxide-wasm32-wasi
49 silly reify mark deleted [ '/var/www/html/node_modules/@tailwindcss/oxide-wasm32-wasi' ]
50 timing reifyNode:node_modules/@tailwindcss/oxide-wasm32-wasi Completed in 1ms
51 timing arborist:ctor Completed in 0ms
52 timing reify:diffTrees Completed in 2ms
53 timing reify:loadBundles Completed in 7ms
54 silly audit bulk request {
54 silly audit   '@alloc/quick-lru': [ '5.2.0' ],
54 silly audit   '@babel/code-frame': [ '7.29.0' ],
54 silly audit   '@babel/compat-data': [ '7.29.0' ],
54 silly audit   '@babel/core': [ '7.29.0' ],
54 silly audit   '@babel/generator': [ '7.29.1' ],
54 silly audit   '@babel/helper-compilation-targets': [ '7.28.6' ],
54 silly audit   '@babel/helper-globals': [ '7.28.0' ],
54 silly audit   '@babel/helper-module-imports': [ '7.28.6' ],
54 silly audit   '@babel/helper-module-transforms': [ '7.28.6' ],
54 silly audit   '@babel/helper-plugin-utils': [ '7.28.6' ],
54 silly audit   '@babel/helper-string-parser': [ '7.27.1' ],
54 silly audit   '@babel/helper-validator-identifier': [ '7.28.5' ],
54 silly audit   '@babel/helper-validator-option': [ '7.27.1' ],
54 silly audit   '@babel/helpers': [ '7.28.6' ],
54 silly audit   '@babel/parser': [ '7.29.0' ],
54 silly audit   '@babel/plugin-transform-react-jsx-self': [ '7.27.1' ],
54 silly audit   '@babel/plugin-transform-react-jsx-source': [ '7.27.1' ],
54 silly audit   '@babel/runtime': [ '7.28.6' ],
54 silly audit   '@babel/template': [ '7.28.6' ],
54 silly audit   '@babel/traverse': [ '7.29.0' ],
54 silly audit   '@babel/types': [ '7.29.0' ],
54 silly audit   '@emotion/babel-plugin': [ '11.13.5' ],
54 silly audit   'convert-source-map': [ '1.9.0', '2.0.0' ],
54 silly audit   '@emotion/cache': [ '11.14.0' ],
54 silly audit   '@emotion/hash': [ '0.9.2' ],
54 silly audit   '@emotion/is-prop-valid': [ '1.4.0' ],
54 silly audit   '@emotion/memoize': [ '0.9.0' ],
54 silly audit   '@emotion/react': [ '11.14.0' ],
54 silly audit   '@emotion/serialize': [ '1.3.3' ],
54 silly audit   '@emotion/sheet': [ '1.4.0' ],
54 silly audit   '@emotion/styled': [ '11.14.1' ],
54 silly audit   '@emotion/unitless': [ '0.10.0' ],
54 silly audit   '@emotion/use-insertion-effect-with-fallbacks': [ '1.2.0' ],
54 silly audit   '@emotion/utils': [ '1.4.2' ],
54 silly audit   '@emotion/weak-memoize': [ '0.4.0' ],
54 silly audit   '@esbuild/aix-ppc64': [ '0.27.3' ],
54 silly audit   '@esbuild/android-arm': [ '0.27.3' ],
54 silly audit   '@esbuild/android-arm64': [ '0.27.3' ],
54 silly audit   '@esbuild/android-x64': [ '0.27.3' ],
54 silly audit   '@esbuild/darwin-arm64': [ '0.27.3' ],
54 silly audit   '@esbuild/darwin-x64': [ '0.27.3' ],
54 silly audit   '@esbuild/freebsd-arm64': [ '0.27.3' ],
54 silly audit   '@esbuild/freebsd-x64': [ '0.27.3' ],
54 silly audit   '@esbuild/linux-arm': [ '0.27.3' ],
54 silly audit   '@esbuild/linux-arm64': [ '0.27.3' ],
54 silly audit   '@esbuild/linux-ia32': [ '0.27.3' ],
54 silly audit   '@esbuild/linux-loong64': [ '0.27.3' ],
54 silly audit   '@esbuild/linux-mips64el': [ '0.27.3' ],
54 silly audit   '@esbuild/linux-ppc64': [ '0.27.3' ],
54 silly audit   '@esbuild/linux-riscv64': [ '0.27.3' ],
54 silly audit   '@esbuild/linux-s390x': [ '0.27.3' ],
54 silly audit   '@esbuild/linux-x64': [ '0.27.3' ],
54 silly audit   '@esbuild/netbsd-arm64': [ '0.27.3' ],
54 silly audit   '@esbuild/netbsd-x64': [ '0.27.3' ],
54 silly audit   '@esbuild/openbsd-arm64': [ '0.27.3' ],
54 silly audit   '@esbuild/openbsd-x64': [ '0.27.3' ],
54 silly audit   '@esbuild/openharmony-arm64': [ '0.27.3' ],
54 silly audit   '@esbuild/sunos-x64': [ '0.27.3' ],
54 silly audit   '@esbuild/win32-arm64': [ '0.27.3' ],
54 silly audit   '@esbuild/win32-ia32': [ '0.27.3' ],
54 silly audit   '@esbuild/win32-x64': [ '0.27.3' ],
54 silly audit   '@floating-ui/core': [ '1.7.4' ],
54 silly audit   '@floating-ui/dom': [ '1.7.5' ],
54 silly audit   '@floating-ui/react': [ '0.26.28' ],
54 silly audit   '@floating-ui/react-dom': [ '2.1.7' ],
54 silly audit   '@floating-ui/utils': [ '0.2.10' ],
54 silly audit   '@headlessui/react': [ '2.2.9' ],
54 silly audit   '@inertiajs/core': [ '2.3.16' ],
54 silly audit   '@inertiajs/react': [ '2.3.16' ],
54 silly audit   '@jridgewell/gen-mapping': [ '0.3.13' ],
54 silly audit   '@jridgewell/remapping': [ '2.3.5' ],
54 silly audit   '@jridgewell/resolve-uri': [ '3.1.2' ],
54 silly audit   '@jridgewell/sourcemap-codec': [ '1.5.5' ],
54 silly audit   '@jridgewell/trace-mapping': [ '0.3.31' ],
54 silly audit   '@mui/core-downloads-tracker': [ '7.3.8' ],
54 silly audit   '@mui/icons-material': [ '7.3.8' ],
54 silly audit   '@mui/material': [ '7.3.8' ],
54 silly audit   '@mui/private-theming': [ '7.3.8' ],
54 silly audit   '@mui/styled-engine': [ '7.3.8' ],
54 silly audit   '@mui/system': [ '7.3.8' ],
54 silly audit   '@mui/types': [ '7.4.11' ],
54 silly audit   '@mui/utils': [ '7.3.8' ],
54 silly audit   '@nodelib/fs.scandir': [ '2.1.5' ],
54 silly audit   '@nodelib/fs.stat': [ '2.0.5' ],
54 silly audit   '@nodelib/fs.walk': [ '1.2.8' ],
54 silly audit   '@popperjs/core': [ '2.11.8' ],
54 silly audit   '@react-aria/focus': [ '3.21.4' ],
54 silly audit   '@react-aria/interactions': [ '3.27.0' ],
54 silly audit   '@react-aria/ssr': [ '3.9.10' ],
54 silly audit   '@react-aria/utils': [ '3.33.0' ],
54 silly audit   '@react-stately/flags': [ '3.1.2' ],
54 silly audit   '@react-stately/utils': [ '3.11.0' ],
54 silly audit   '@react-types/shared': [ '3.33.0' ],
54 silly audit   '@rolldown/pluginutils': [ '1.0.0-beta.27' ],
54 silly audit   '@rollup/rollup-android-arm-eabi': [ '4.59.0' ],
54 silly audit   '@rollup/rollup-android-arm64': [ '4.59.0' ],
54 silly audit   '@rollup/rollup-darwin-arm64': [ '4.59.0' ],
54 silly audit   '@rollup/rollup-darwin-x64': [ '4.59.0' ],
54 silly audit   '@rollup/rollup-freebsd-arm64': [ '4.59.0' ],
54 silly audit   '@rollup/rollup-freebsd-x64': [ '4.59.0' ],
54 silly audit   '@rollup/rollup-linux-arm-gnueabihf': [ '4.59.0' ],
54 silly audit   '@rollup/rollup-linux-arm-musleabihf': [ '4.59.0' ],
54 silly audit   '@rollup/rollup-linux-arm64-gnu': [ '4.59.0' ],
54 silly audit   '@rollup/rollup-linux-arm64-musl': [ '4.59.0' ],
54 silly audit   '@rollup/rollup-linux-loong64-gnu': [ '4.59.0' ],
54 silly audit   '@rollup/rollup-linux-loong64-musl': [ '4.59.0' ],
54 silly audit   '@rollup/rollup-linux-ppc64-gnu': [ '4.59.0' ],
54 silly audit   '@rollup/rollup-linux-ppc64-musl': [ '4.59.0' ],
54 silly audit   '@rollup/rollup-linux-riscv64-gnu': [ '4.59.0' ],
54 silly audit   '@rollup/rollup-linux-riscv64-musl': [ '4.59.0' ],
54 silly audit   '@rollup/rollup-linux-s390x-gnu': [ '4.59.0' ],
54 silly audit   '@rollup/rollup-linux-x64-gnu': [ '4.59.0' ],
54 silly audit   '@rollup/rollup-linux-x64-musl': [ '4.59.0' ],
54 silly audit   '@rollup/rollup-openbsd-x64': [ '4.59.0' ],
54 silly audit   '@rollup/rollup-openharmony-arm64': [ '4.59.0' ],
54 silly audit   '@rollup/rollup-win32-arm64-msvc': [ '4.59.0' ],
54 silly audit   '@rollup/rollup-win32-ia32-msvc': [ '4.59.0' ],
54 silly audit   '@rollup/rollup-win32-x64-gnu': [ '4.59.0' ],
54 silly audit   '@rollup/rollup-win32-x64-msvc': [ '4.59.0' ],
54 silly audit   '@swc/helpers': [ '0.5.19' ],
54 silly audit   '@tailwindcss/forms': [ '0.5.11' ],
54 silly audit   '@tailwindcss/node': [ '4.2.1' ],
54 silly audit   tailwindcss: [ '4.2.1', '3.4.19' ],
54 silly audit   '@tailwindcss/oxide': [ '4.2.1' ],
54 silly audit   '@tailwindcss/oxide-android-arm64': [ '4.2.1' ],
54 silly audit   '@tailwindcss/oxide-darwin-arm64': [ '4.2.1' ],
54 silly audit   '@tailwindcss/oxide-darwin-x64': [ '4.2.1' ],
54 silly audit   '@tailwindcss/oxide-freebsd-x64': [ '4.2.1' ],
54 silly audit   '@tailwindcss/oxide-linux-arm-gnueabihf': [ '4.2.1' ],
54 silly audit   '@tailwindcss/oxide-linux-arm64-gnu': [ '4.2.1' ],
54 silly audit   '@tailwindcss/oxide-linux-arm64-musl': [ '4.2.1' ],
54 silly audit   '@tailwindcss/oxide-linux-x64-gnu': [ '4.2.1' ],
54 silly audit   '@tailwindcss/oxide-linux-x64-musl': [ '4.2.1' ],
54 silly audit   '@tailwindcss/oxide-win32-arm64-msvc': [ '4.2.1' ],
54 silly audit   '@tailwindcss/oxide-win32-x64-msvc': [ '4.2.1' ],
54 silly audit   '@tailwindcss/vite': [ '4.2.1' ],
54 silly audit   '@tanstack/react-virtual': [ '3.13.19' ],
54 silly audit   '@tanstack/virtual-core': [ '3.13.19' ],
54 silly audit   '@types/babel__core': [ '7.20.5' ],
54 silly audit   '@types/babel__generator': [ '7.27.0' ],
54 silly audit   '@types/babel__template': [ '7.4.4' ],
54 silly audit   '@types/babel__traverse': [ '7.28.0' ],
54 silly audit   '@types/estree': [ '1.0.8' ],
54 silly audit   '@types/lodash': [ '4.17.24' ],
54 silly audit   '@types/lodash-es': [ '4.17.12' ],
54 silly audit   '@types/parse-json': [ '4.0.2' ],
54 silly audit   '@types/prop-types': [ '15.7.15' ],
54 silly audit   '@types/react': [ '19.2.14' ],
54 silly audit   '@types/react-transition-group': [ '4.4.12' ],
54 silly audit   '@vitejs/plugin-react': [ '4.7.0' ],
54 silly audit   'ansi-regex': [ '5.0.1' ],
54 silly audit   'ansi-styles': [ '4.3.0' ],
54 silly audit   'any-promise': [ '1.3.0' ],
54 silly audit   anymatch: [ '3.1.3' ],
54 silly audit   arg: [ '5.0.2' ],
54 silly audit   asynckit: [ '0.4.0' ],
54 silly audit   autoprefixer: [ '10.4.24' ],
54 silly audit   axios: [ '1.13.5' ],
54 silly audit   'babel-plugin-macros': [ '3.1.0' ],
54 silly audit   'baseline-browser-mapping': [ '2.10.0' ],
54 silly audit   'binary-extensions': [ '2.3.0' ],
54 silly audit   braces: [ '3.0.3' ],
54 silly audit   browserslist: [ '4.28.1' ],
54 silly audit   'call-bind-apply-helpers': [ '1.0.2' ],
54 silly audit   'call-bound': [ '1.0.4' ],
54 silly audit   callsites: [ '3.1.0' ],
54 silly audit   'camelcase-css': [ '2.0.1' ],
54 silly audit   'caniuse-lite': [ '1.0.30001774' ],
54 silly audit   chalk: [ '4.1.2' ],
54 silly audit   'supports-color': [ '7.2.0', '8.1.1' ],
54 silly audit   chokidar: [ '3.6.0' ],
54 silly audit   'glob-parent': [ '5.1.2', '6.0.2' ],
54 silly audit   cliui: [ '8.0.1' ],
54 silly audit   clsx: [ '2.1.1' ],
54 silly audit   'color-convert': [ '2.0.1' ],
54 silly audit   'color-name': [ '1.1.4' ],
54 silly audit   'combined-stream': [ '1.0.8' ],
54 silly audit   commander: [ '4.1.1' ],
54 silly audit   concurrently: [ '9.2.1' ],
54 silly audit   cosmiconfig: [ '7.1.0' ],
54 silly audit   yaml: [ '1.10.2', '2.8.2' ],
54 silly audit   cssesc: [ '3.0.0' ],
54 silly audit   csstype: [ '3.2.3' ],
54 silly audit   debug: [ '4.4.3' ],
54 silly audit   'delayed-stream': [ '1.0.0' ],
54 silly audit   'detect-libc': [ '2.1.2' ],
54 silly audit   didyoumean: [ '1.2.2' ],
54 silly audit   dlv: [ '1.1.3' ],
54 silly audit   'dom-helpers': [ '5.2.1' ],
54 silly audit   'dunder-proto': [ '1.0.1' ],
54 silly audit   'electron-to-chromium': [ '1.5.302' ],
54 silly audit   'emoji-regex': [ '8.0.0' ],
54 silly audit   'enhanced-resolve': [ '5.19.0' ],
54 silly audit   'error-ex': [ '1.3.4' ],
54 silly audit   'es-define-property': [ '1.0.1' ],
54 silly audit   'es-errors': [ '1.3.0' ],
54 silly audit   'es-object-atoms': [ '1.1.1' ],
54 silly audit   'es-set-tostringtag': [ '2.1.0' ],
54 silly audit   esbuild: [ '0.27.3' ],
54 silly audit   escalade: [ '3.2.0' ],
54 silly audit   'escape-string-regexp': [ '4.0.0' ],
54 silly audit   'fast-glob': [ '3.3.3' ],
54 silly audit   fastq: [ '1.20.1' ],
54 silly audit   'fill-range': [ '7.1.1' ],
54 silly audit   'find-root': [ '1.1.0' ],
54 silly audit   'follow-redirects': [ '1.15.11' ],
54 silly audit   'form-data': [ '4.0.5' ],
54 silly audit   'fraction.js': [ '5.3.4' ],
54 silly audit   fsevents: [ '2.3.3' ],
54 silly audit   'function-bind': [ '1.1.2' ],
54 silly audit   gensync: [ '1.0.0-beta.2' ],
54 silly audit   'get-caller-file': [ '2.0.5' ],
54 silly audit   'get-intrinsic': [ '1.3.0' ],
54 silly audit   'get-proto': [ '1.0.1' ],
54 silly audit   gopd: [ '1.2.0' ],
54 silly audit   'graceful-fs': [ '4.2.11' ],
54 silly audit   'has-flag': [ '4.0.0' ],
54 silly audit   'has-symbols': [ '1.1.0' ],
54 silly audit   'has-tostringtag': [ '1.0.2' ],
54 silly audit   hasown: [ '2.0.2' ],
54 silly audit   'hoist-non-react-statics': [ '3.3.2' ],
54 silly audit   'react-is': [ '16.13.1', '19.2.4' ],
54 silly audit   'import-fresh': [ '3.3.1' ],
54 silly audit   'is-arrayish': [ '0.2.1' ],
54 silly audit   'is-binary-path': [ '2.1.0' ],
54 silly audit   'is-core-module': [ '2.16.1' ],
54 silly audit   'is-extglob': [ '2.1.1' ],
54 silly audit   'is-fullwidth-code-point': [ '3.0.0' ],
54 silly audit   'is-glob': [ '4.0.3' ],
54 silly audit   'is-number': [ '7.0.0' ],
54 silly audit   jiti: [ '2.6.1', '1.21.7' ],
54 silly audit   jodit: [ '4.9.14' ],
54 silly audit   'jodit-react': [ '5.3.21' ],
54 silly audit   'js-tokens': [ '4.0.0' ],
54 silly audit   jsesc: [ '3.1.0' ],
54 silly audit   'json-parse-even-better-errors': [ '2.3.1' ],
54 silly audit   json5: [ '2.2.3' ],
54 silly audit   'laravel-precognition': [ '1.0.2' ],
54 silly audit   'laravel-vite-plugin': [ '2.1.0' ],
54 silly audit   lightningcss: [ '1.31.1' ],
54 silly audit   'lightningcss-android-arm64': [ '1.31.1' ],
54 silly audit   'lightningcss-darwin-arm64': [ '1.31.1' ],
54 silly audit   'lightningcss-darwin-x64': [ '1.31.1' ],
54 silly audit   'lightningcss-freebsd-x64': [ '1.31.1' ],
54 silly audit   'lightningcss-linux-arm-gnueabihf': [ '1.31.1' ],
54 silly audit   'lightningcss-linux-arm64-gnu': [ '1.31.1' ],
54 silly audit   'lightningcss-linux-arm64-musl': [ '1.31.1' ],
54 silly audit   'lightningcss-linux-x64-gnu': [ '1.31.1' ],
54 silly audit   'lightningcss-linux-x64-musl': [ '1.31.1' ],
54 silly audit   'lightningcss-win32-arm64-msvc': [ '1.31.1' ],
54 silly audit   'lightningcss-win32-x64-msvc': [ '1.31.1' ],
54 silly audit   lilconfig: [ '3.1.3' ],
54 silly audit   'lines-and-columns': [ '1.2.4' ],
54 silly audit   'lodash-es': [ '4.17.23' ],
54 silly audit   'loose-envify': [ '1.4.0' ],
54 silly audit   'lru-cache': [ '5.1.1' ],
54 silly audit   'magic-string': [ '0.30.21' ],
54 silly audit   'math-intrinsics': [ '1.1.0' ],
54 silly audit   merge2: [ '1.4.1' ],
54 silly audit   micromatch: [ '4.0.8' ],
54 silly audit   'mime-db': [ '1.52.0' ],
54 silly audit   'mime-types': [ '2.1.35' ],
54 silly audit   'mini-svg-data-uri': [ '1.4.4' ],
54 silly audit   ms: [ '2.1.3' ],
54 silly audit   mz: [ '2.7.0' ],
54 silly audit   nanoid: [ '3.3.11' ],
54 silly audit   'node-releases': [ '2.0.27' ],
54 silly audit   'normalize-path': [ '3.0.0' ],
54 silly audit   'object-assign': [ '4.1.1' ],
54 silly audit   'object-hash': [ '3.0.0' ],
54 silly audit   'object-inspect': [ '1.13.4' ],
54 silly audit   'parent-module': [ '1.0.1' ],
54 silly audit   'parse-json': [ '5.2.0' ],
54 silly audit   'path-parse': [ '1.0.7' ],
54 silly audit   'path-type': [ '4.0.0' ],
54 silly audit   picocolors: [ '1.1.1' ],
54 silly audit   picomatch: [ '2.3.1', '4.0.3' ],
54 silly audit   pify: [ '2.3.0' ],
54 silly audit   pirates: [ '4.0.7' ],
54 silly audit   postcss: [ '8.5.6' ],
54 silly audit   'postcss-import': [ '15.1.0' ],
54 silly audit   'postcss-js': [ '4.1.0' ],
54 silly audit   'postcss-load-config': [ '6.0.1' ],
54 silly audit   'postcss-nested': [ '6.2.0' ],
54 silly audit   'postcss-selector-parser': [ '6.1.2' ],
54 silly audit   'postcss-value-parser': [ '4.2.0' ],
54 silly audit   'prop-types': [ '15.8.1' ],
54 silly audit   'proxy-from-env': [ '1.1.0' ],
54 silly audit   qs: [ '6.15.0' ],
54 silly audit   'queue-microtask': [ '1.2.3' ],
54 silly audit   react: [ '18.3.1' ],
54 silly audit   'react-dom': [ '18.3.1' ],
54 silly audit   'react-refresh': [ '0.17.0' ],
54 silly audit   'react-transition-group': [ '4.4.5' ],
54 silly audit   'read-cache': [ '1.0.0' ],
54 silly audit   readdirp: [ '3.6.0' ],
54 silly audit   'require-directory': [ '2.1.1' ],
54 silly audit   resolve: [ '1.22.11' ],
54 silly audit   'resolve-from': [ '4.0.0' ],
54 silly audit   reusify: [ '1.1.0' ],
54 silly audit   rollup: [ '4.59.0' ],
54 silly audit   'run-parallel': [ '1.2.0' ],
54 silly audit   rxjs: [ '7.8.2' ],
54 silly audit   scheduler: [ '0.23.2' ],
54 silly audit   semver: [ '6.3.1' ],
54 silly audit   'shell-quote': [ '1.8.3' ],
54 silly audit   'side-channel': [ '1.1.0' ],
54 silly audit   'side-channel-list': [ '1.0.0' ],
54 silly audit   'side-channel-map': [ '1.0.1' ],
54 silly audit   'side-channel-weakmap': [ '1.0.2' ],
54 silly audit   'source-map': [ '0.5.7' ],
54 silly audit   'source-map-js': [ '1.2.1' ],
54 silly audit   'string-width': [ '4.2.3' ],
54 silly audit   'strip-ansi': [ '6.0.1' ],
54 silly audit   stylis: [ '4.2.0' ],
54 silly audit   sucrase: [ '3.35.1' ],
54 silly audit   'supports-preserve-symlinks-flag': [ '1.0.0' ],
54 silly audit   tabbable: [ '6.4.0' ],
54 silly audit   tapable: [ '2.3.0' ],
54 silly audit   thenify: [ '3.3.1' ],
54 silly audit   'thenify-all': [ '1.6.0' ],
54 silly audit   tinyglobby: [ '0.2.15' ],
54 silly audit   fdir: [ '6.5.0' ],
54 silly audit   'to-regex-range': [ '5.0.1' ],
54 silly audit   'tree-kill': [ '1.2.2' ],
54 silly audit   'ts-interface-checker': [ '0.1.13' ],
54 silly audit   tslib: [ '2.8.1' ],
54 silly audit   'update-browserslist-db': [ '1.2.3' ],
54 silly audit   'use-sync-external-store': [ '1.6.0' ],
54 silly audit   'util-deprecate': [ '1.0.2' ],
54 silly audit   vite: [ '7.3.1' ],
54 silly audit   'vite-plugin-full-reload': [ '1.2.0' ],
54 silly audit   'wrap-ansi': [ '7.0.0' ],
54 silly audit   y18n: [ '5.0.8' ],
54 silly audit   yallist: [ '3.1.1' ],
54 silly audit   yargs: [ '17.7.2' ],
54 silly audit   'yargs-parser': [ '21.1.1' ],
54 silly audit   '@tailwindcss/oxide-wasm32-wasi': [ '4.2.1' ]
54 silly audit }
55 verbose reify failed optional dependency /var/www/html/node_modules/lightningcss-win32-x64-msvc
56 silly reify mark deleted [ '/var/www/html/node_modules/lightningcss-win32-x64-msvc' ]
57 verbose reify failed optional dependency /var/www/html/node_modules/lightningcss-win32-arm64-msvc
58 silly reify mark deleted [ '/var/www/html/node_modules/lightningcss-win32-arm64-msvc' ]
59 verbose reify failed optional dependency /var/www/html/node_modules/lightningcss-linux-arm64-musl
60 silly reify mark deleted [ '/var/www/html/node_modules/lightningcss-linux-arm64-musl' ]
61 verbose reify failed optional dependency /var/www/html/node_modules/lightningcss-linux-arm64-gnu
62 silly reify mark deleted [ '/var/www/html/node_modules/lightningcss-linux-arm64-gnu' ]
63 verbose reify failed optional dependency /var/www/html/node_modules/lightningcss-linux-arm-gnueabihf
64 silly reify mark deleted [ '/var/www/html/node_modules/lightningcss-linux-arm-gnueabihf' ]
65 verbose reify failed optional dependency /var/www/html/node_modules/lightningcss-freebsd-x64
66 silly reify mark deleted [ '/var/www/html/node_modules/lightningcss-freebsd-x64' ]
67 verbose reify failed optional dependency /var/www/html/node_modules/lightningcss-darwin-x64
68 silly reify mark deleted [ '/var/www/html/node_modules/lightningcss-darwin-x64' ]
69 verbose reify failed optional dependency /var/www/html/node_modules/lightningcss-darwin-arm64
70 silly reify mark deleted [ '/var/www/html/node_modules/lightningcss-darwin-arm64' ]
71 verbose reify failed optional dependency /var/www/html/node_modules/lightningcss-android-arm64
72 silly reify mark deleted [ '/var/www/html/node_modules/lightningcss-android-arm64' ]
73 verbose reify failed optional dependency /var/www/html/node_modules/fsevents
74 silly reify mark deleted [ '/var/www/html/node_modules/fsevents' ]
75 verbose reify failed optional dependency /var/www/html/node_modules/@tailwindcss/oxide-win32-x64-msvc
76 silly reify mark deleted [ '/var/www/html/node_modules/@tailwindcss/oxide-win32-x64-msvc' ]
77 verbose reify failed optional dependency /var/www/html/node_modules/@tailwindcss/oxide-win32-arm64-msvc
78 silly reify mark deleted [ '/var/www/html/node_modules/@tailwindcss/oxide-win32-arm64-msvc' ]
79 verbose reify failed optional dependency /var/www/html/node_modules/@tailwindcss/oxide-linux-arm64-musl
80 silly reify mark deleted [ '/var/www/html/node_modules/@tailwindcss/oxide-linux-arm64-musl' ]
81 verbose reify failed optional dependency /var/www/html/node_modules/@tailwindcss/oxide-linux-arm64-gnu
82 silly reify mark deleted [ '/var/www/html/node_modules/@tailwindcss/oxide-linux-arm64-gnu' ]
83 verbose reify failed optional dependency /var/www/html/node_modules/@tailwindcss/oxide-linux-arm-gnueabihf
84 silly reify mark deleted [ '/var/www/html/node_modules/@tailwindcss/oxide-linux-arm-gnueabihf' ]
85 verbose reify failed optional dependency /var/www/html/node_modules/@tailwindcss/oxide-freebsd-x64
86 silly reify mark deleted [ '/var/www/html/node_modules/@tailwindcss/oxide-freebsd-x64' ]
87 verbose reify failed optional dependency /var/www/html/node_modules/@tailwindcss/oxide-darwin-x64
88 silly reify mark deleted [ '/var/www/html/node_modules/@tailwindcss/oxide-darwin-x64' ]
89 verbose reify failed optional dependency /var/www/html/node_modules/@tailwindcss/oxide-darwin-arm64
90 silly reify mark deleted [ '/var/www/html/node_modules/@tailwindcss/oxide-darwin-arm64' ]
91 verbose reify failed optional dependency /var/www/html/node_modules/@tailwindcss/oxide-android-arm64
92 silly reify mark deleted [ '/var/www/html/node_modules/@tailwindcss/oxide-android-arm64' ]
93 verbose reify failed optional dependency /var/www/html/node_modules/@rollup/rollup-win32-x64-msvc
94 silly reify mark deleted [ '/var/www/html/node_modules/@rollup/rollup-win32-x64-msvc' ]
95 verbose reify failed optional dependency /var/www/html/node_modules/@rollup/rollup-win32-x64-gnu
96 silly reify mark deleted [ '/var/www/html/node_modules/@rollup/rollup-win32-x64-gnu' ]
97 verbose reify failed optional dependency /var/www/html/node_modules/@rollup/rollup-win32-ia32-msvc
98 silly reify mark deleted [ '/var/www/html/node_modules/@rollup/rollup-win32-ia32-msvc' ]
99 verbose reify failed optional dependency /var/www/html/node_modules/@rollup/rollup-win32-arm64-msvc
100 silly reify mark deleted [ '/var/www/html/node_modules/@rollup/rollup-win32-arm64-msvc' ]
101 verbose reify failed optional dependency /var/www/html/node_modules/@rollup/rollup-openharmony-arm64
102 silly reify mark deleted [ '/var/www/html/node_modules/@rollup/rollup-openharmony-arm64' ]
103 verbose reify failed optional dependency /var/www/html/node_modules/@rollup/rollup-openbsd-x64
104 silly reify mark deleted [ '/var/www/html/node_modules/@rollup/rollup-openbsd-x64' ]
105 verbose reify failed optional dependency /var/www/html/node_modules/@rollup/rollup-linux-s390x-gnu
106 silly reify mark deleted [ '/var/www/html/node_modules/@rollup/rollup-linux-s390x-gnu' ]
107 verbose reify failed optional dependency /var/www/html/node_modules/@rollup/rollup-linux-riscv64-musl
108 silly reify mark deleted [ '/var/www/html/node_modules/@rollup/rollup-linux-riscv64-musl' ]
109 verbose reify failed optional dependency /var/www/html/node_modules/@rollup/rollup-linux-riscv64-gnu
110 silly reify mark deleted [ '/var/www/html/node_modules/@rollup/rollup-linux-riscv64-gnu' ]
111 verbose reify failed optional dependency /var/www/html/node_modules/@rollup/rollup-linux-ppc64-musl
112 silly reify mark deleted [ '/var/www/html/node_modules/@rollup/rollup-linux-ppc64-musl' ]
113 verbose reify failed optional dependency /var/www/html/node_modules/@rollup/rollup-linux-ppc64-gnu
114 silly reify mark deleted [ '/var/www/html/node_modules/@rollup/rollup-linux-ppc64-gnu' ]
115 verbose reify failed optional dependency /var/www/html/node_modules/@rollup/rollup-linux-loong64-musl
116 silly reify mark deleted [ '/var/www/html/node_modules/@rollup/rollup-linux-loong64-musl' ]
117 verbose reify failed optional dependency /var/www/html/node_modules/@rollup/rollup-linux-loong64-gnu
118 silly reify mark deleted [ '/var/www/html/node_modules/@rollup/rollup-linux-loong64-gnu' ]
119 verbose reify failed optional dependency /var/www/html/node_modules/@rollup/rollup-linux-arm64-musl
120 silly reify mark deleted [ '/var/www/html/node_modules/@rollup/rollup-linux-arm64-musl' ]
121 verbose reify failed optional dependency /var/www/html/node_modules/@rollup/rollup-linux-arm64-gnu
122 silly reify mark deleted [ '/var/www/html/node_modules/@rollup/rollup-linux-arm64-gnu' ]
123 verbose reify failed optional dependency /var/www/html/node_modules/@rollup/rollup-linux-arm-musleabihf
124 silly reify mark deleted [ '/var/www/html/node_modules/@rollup/rollup-linux-arm-musleabihf' ]
125 verbose reify failed optional dependency /var/www/html/node_modules/@rollup/rollup-linux-arm-gnueabihf
126 silly reify mark deleted [ '/var/www/html/node_modules/@rollup/rollup-linux-arm-gnueabihf' ]
127 verbose reify failed optional dependency /var/www/html/node_modules/@rollup/rollup-freebsd-x64
128 silly reify mark deleted [ '/var/www/html/node_modules/@rollup/rollup-freebsd-x64' ]
129 verbose reify failed optional dependency /var/www/html/node_modules/@rollup/rollup-freebsd-arm64
130 silly reify mark deleted [ '/var/www/html/node_modules/@rollup/rollup-freebsd-arm64' ]
131 verbose reify failed optional dependency /var/www/html/node_modules/@rollup/rollup-darwin-x64
132 silly reify mark deleted [ '/var/www/html/node_modules/@rollup/rollup-darwin-x64' ]
133 verbose reify failed optional dependency /var/www/html/node_modules/@rollup/rollup-darwin-arm64
134 silly reify mark deleted [ '/var/www/html/node_modules/@rollup/rollup-darwin-arm64' ]
135 verbose reify failed optional dependency /var/www/html/node_modules/@rollup/rollup-android-arm64
136 silly reify mark deleted [ '/var/www/html/node_modules/@rollup/rollup-android-arm64' ]
137 verbose reify failed optional dependency /var/www/html/node_modules/@rollup/rollup-android-arm-eabi
138 silly reify mark deleted [ '/var/www/html/node_modules/@rollup/rollup-android-arm-eabi' ]
139 verbose reify failed optional dependency /var/www/html/node_modules/@esbuild/win32-x64
140 silly reify mark deleted [ '/var/www/html/node_modules/@esbuild/win32-x64' ]
141 verbose reify failed optional dependency /var/www/html/node_modules/@esbuild/win32-ia32
142 silly reify mark deleted [ '/var/www/html/node_modules/@esbuild/win32-ia32' ]
143 verbose reify failed optional dependency /var/www/html/node_modules/@esbuild/win32-arm64
144 silly reify mark deleted [ '/var/www/html/node_modules/@esbuild/win32-arm64' ]
145 verbose reify failed optional dependency /var/www/html/node_modules/@esbuild/sunos-x64
146 silly reify mark deleted [ '/var/www/html/node_modules/@esbuild/sunos-x64' ]
147 verbose reify failed optional dependency /var/www/html/node_modules/@esbuild/openharmony-arm64
148 silly reify mark deleted [ '/var/www/html/node_modules/@esbuild/openharmony-arm64' ]
149 verbose reify failed optional dependency /var/www/html/node_modules/@esbuild/openbsd-x64
150 silly reify mark deleted [ '/var/www/html/node_modules/@esbuild/openbsd-x64' ]
151 verbose reify failed optional dependency /var/www/html/node_modules/@esbuild/openbsd-arm64
152 silly reify mark deleted [ '/var/www/html/node_modules/@esbuild/openbsd-arm64' ]
153 verbose reify failed optional dependency /var/www/html/node_modules/@esbuild/netbsd-x64
154 silly reify mark deleted [ '/var/www/html/node_modules/@esbuild/netbsd-x64' ]
155 verbose reify failed optional dependency /var/www/html/node_modules/@esbuild/netbsd-arm64
156 silly reify mark deleted [ '/var/www/html/node_modules/@esbuild/netbsd-arm64' ]
157 verbose reify failed optional dependency /var/www/html/node_modules/@esbuild/linux-s390x
158 silly reify mark deleted [ '/var/www/html/node_modules/@esbuild/linux-s390x' ]
159 verbose reify failed optional dependency /var/www/html/node_modules/@esbuild/linux-riscv64
160 silly reify mark deleted [ '/var/www/html/node_modules/@esbuild/linux-riscv64' ]
161 verbose reify failed optional dependency /var/www/html/node_modules/@esbuild/linux-ppc64
162 silly reify mark deleted [ '/var/www/html/node_modules/@esbuild/linux-ppc64' ]
163 verbose reify failed optional dependency /var/www/html/node_modules/@esbuild/linux-mips64el
164 silly reify mark deleted [ '/var/www/html/node_modules/@esbuild/linux-mips64el' ]
165 verbose reify failed optional dependency /var/www/html/node_modules/@esbuild/linux-loong64
166 silly reify mark deleted [ '/var/www/html/node_modules/@esbuild/linux-loong64' ]
167 verbose reify failed optional dependency /var/www/html/node_modules/@esbuild/linux-ia32
168 silly reify mark deleted [ '/var/www/html/node_modules/@esbuild/linux-ia32' ]
169 verbose reify failed optional dependency /var/www/html/node_modules/@esbuild/linux-arm64
170 silly reify mark deleted [ '/var/www/html/node_modules/@esbuild/linux-arm64' ]
171 verbose reify failed optional dependency /var/www/html/node_modules/@esbuild/linux-arm
172 silly reify mark deleted [ '/var/www/html/node_modules/@esbuild/linux-arm' ]
173 verbose reify failed optional dependency /var/www/html/node_modules/@esbuild/freebsd-x64
174 silly reify mark deleted [ '/var/www/html/node_modules/@esbuild/freebsd-x64' ]
175 verbose reify failed optional dependency /var/www/html/node_modules/@esbuild/freebsd-arm64
176 silly reify mark deleted [ '/var/www/html/node_modules/@esbuild/freebsd-arm64' ]
177 verbose reify failed optional dependency /var/www/html/node_modules/@esbuild/darwin-x64
178 silly reify mark deleted [ '/var/www/html/node_modules/@esbuild/darwin-x64' ]
179 verbose reify failed optional dependency /var/www/html/node_modules/@esbuild/darwin-arm64
180 silly reify mark deleted [ '/var/www/html/node_modules/@esbuild/darwin-arm64' ]
181 verbose reify failed optional dependency /var/www/html/node_modules/@esbuild/android-x64
182 silly reify mark deleted [ '/var/www/html/node_modules/@esbuild/android-x64' ]
183 verbose reify failed optional dependency /var/www/html/node_modules/@esbuild/android-arm64
184 silly reify mark deleted [ '/var/www/html/node_modules/@esbuild/android-arm64' ]
185 verbose reify failed optional dependency /var/www/html/node_modules/@esbuild/android-arm
186 silly reify mark deleted [ '/var/www/html/node_modules/@esbuild/android-arm' ]
187 verbose reify failed optional dependency /var/www/html/node_modules/@esbuild/aix-ppc64
188 silly reify mark deleted [ '/var/www/html/node_modules/@esbuild/aix-ppc64' ]
189 timing reifyNode:node_modules/lightningcss-win32-x64-msvc Completed in 21ms
190 timing reifyNode:node_modules/lightningcss-win32-arm64-msvc Completed in 21ms
191 timing reifyNode:node_modules/lightningcss-linux-arm64-musl Completed in 21ms
192 timing reifyNode:node_modules/lightningcss-linux-arm64-gnu Completed in 22ms
193 timing reifyNode:node_modules/lightningcss-linux-arm-gnueabihf Completed in 22ms
194 timing reifyNode:node_modules/lightningcss-freebsd-x64 Completed in 22ms
195 timing reifyNode:node_modules/lightningcss-darwin-x64 Completed in 22ms
196 timing reifyNode:node_modules/lightningcss-darwin-arm64 Completed in 22ms
197 timing reifyNode:node_modules/lightningcss-android-arm64 Completed in 22ms
198 timing reifyNode:node_modules/fsevents Completed in 23ms
199 timing reifyNode:node_modules/@tailwindcss/oxide-win32-x64-msvc Completed in 23ms
200 timing reifyNode:node_modules/@tailwindcss/oxide-win32-arm64-msvc Completed in 23ms
201 timing reifyNode:node_modules/@tailwindcss/oxide-linux-arm64-musl Completed in 23ms
202 timing reifyNode:node_modules/@tailwindcss/oxide-linux-arm64-gnu Completed in 23ms
203 timing reifyNode:node_modules/@tailwindcss/oxide-linux-arm-gnueabihf Completed in 23ms
204 timing reifyNode:node_modules/@tailwindcss/oxide-freebsd-x64 Completed in 23ms
205 timing reifyNode:node_modules/@tailwindcss/oxide-darwin-x64 Completed in 23ms
206 timing reifyNode:node_modules/@tailwindcss/oxide-darwin-arm64 Completed in 24ms
207 timing reifyNode:node_modules/@tailwindcss/oxide-android-arm64 Completed in 24ms
208 timing reifyNode:node_modules/@rollup/rollup-win32-x64-msvc Completed in 24ms
209 timing reifyNode:node_modules/@rollup/rollup-win32-x64-gnu Completed in 24ms
210 timing reifyNode:node_modules/@rollup/rollup-win32-ia32-msvc Completed in 24ms
211 timing reifyNode:node_modules/@rollup/rollup-win32-arm64-msvc Completed in 24ms
212 timing reifyNode:node_modules/@rollup/rollup-openharmony-arm64 Completed in 24ms
213 timing reifyNode:node_modules/@rollup/rollup-openbsd-x64 Completed in 23ms
214 timing reifyNode:node_modules/@rollup/rollup-linux-s390x-gnu Completed in 23ms
215 timing reifyNode:node_modules/@rollup/rollup-linux-riscv64-musl Completed in 23ms
216 timing reifyNode:node_modules/@rollup/rollup-linux-riscv64-gnu Completed in 23ms
217 timing reifyNode:node_modules/@rollup/rollup-linux-ppc64-musl Completed in 23ms
218 timing reifyNode:node_modules/@rollup/rollup-linux-ppc64-gnu Completed in 23ms
219 timing reifyNode:node_modules/@rollup/rollup-linux-loong64-musl Completed in 23ms
220 timing reifyNode:node_modules/@rollup/rollup-linux-loong64-gnu Completed in 23ms
221 timing reifyNode:node_modules/@rollup/rollup-linux-arm64-musl Completed in 23ms
222 timing reifyNode:node_modules/@rollup/rollup-linux-arm64-gnu Completed in 23ms
223 timing reifyNode:node_modules/@rollup/rollup-linux-arm-musleabihf Completed in 23ms
224 timing reifyNode:node_modules/@rollup/rollup-linux-arm-gnueabihf Completed in 23ms
225 timing reifyNode:node_modules/@rollup/rollup-freebsd-x64 Completed in 23ms
226 timing reifyNode:node_modules/@rollup/rollup-freebsd-arm64 Completed in 23ms
227 timing reifyNode:node_modules/@rollup/rollup-darwin-x64 Completed in 23ms
228 timing reifyNode:node_modules/@rollup/rollup-darwin-arm64 Completed in 23ms
229 timing reifyNode:node_modules/@rollup/rollup-android-arm64 Completed in 23ms
230 timing reifyNode:node_modules/@rollup/rollup-android-arm-eabi Completed in 23ms
231 timing reifyNode:node_modules/@esbuild/win32-x64 Completed in 23ms
232 timing reifyNode:node_modules/@esbuild/win32-ia32 Completed in 23ms
233 timing reifyNode:node_modules/@esbuild/win32-arm64 Completed in 23ms
234 timing reifyNode:node_modules/@esbuild/sunos-x64 Completed in 23ms
235 timing reifyNode:node_modules/@esbuild/openharmony-arm64 Completed in 23ms
236 timing reifyNode:node_modules/@esbuild/openbsd-x64 Completed in 23ms
237 timing reifyNode:node_modules/@esbuild/openbsd-arm64 Completed in 23ms
238 timing reifyNode:node_modules/@esbuild/netbsd-x64 Completed in 23ms
239 timing reifyNode:node_modules/@esbuild/netbsd-arm64 Completed in 23ms
240 timing reifyNode:node_modules/@esbuild/linux-s390x Completed in 23ms
241 timing reifyNode:node_modules/@esbuild/linux-riscv64 Completed in 23ms
242 timing reifyNode:node_modules/@esbuild/linux-ppc64 Completed in 23ms
243 timing reifyNode:node_modules/@esbuild/linux-mips64el Completed in 23ms
244 timing reifyNode:node_modules/@esbuild/linux-loong64 Completed in 24ms
245 timing reifyNode:node_modules/@esbuild/linux-ia32 Completed in 24ms
246 timing reifyNode:node_modules/@esbuild/linux-arm64 Completed in 24ms
247 timing reifyNode:node_modules/@esbuild/linux-arm Completed in 24ms
248 timing reifyNode:node_modules/@esbuild/freebsd-x64 Completed in 24ms
249 timing reifyNode:node_modules/@esbuild/freebsd-arm64 Completed in 24ms
250 timing reifyNode:node_modules/@esbuild/darwin-x64 Completed in 24ms
251 timing reifyNode:node_modules/@esbuild/darwin-arm64 Completed in 24ms
252 timing reifyNode:node_modules/@esbuild/android-x64 Completed in 24ms
253 timing reifyNode:node_modules/@esbuild/android-arm64 Completed in 24ms
254 timing reifyNode:node_modules/@esbuild/android-arm Completed in 24ms
255 timing reifyNode:node_modules/@esbuild/aix-ppc64 Completed in 24ms
256 timing reify:unpack Completed in 25ms
257 timing reify:unretire Completed in 0ms
258 timing build:queue Completed in 5ms
259 timing build:deps Completed in 5ms
260 timing build Completed in 5ms
261 timing reify:build Completed in 6ms
262 timing reify:trash Completed in 6ms
263 timing reify:save Completed in 54ms
264 http fetch POST 200 https://registry.npmjs.org/-/npm/v1/security/advisories/bulk 744ms
265 timing auditReport:getReport Completed in 747ms
266 silly audit report {}
267 timing auditReport:init Completed in 0ms
268 timing reify:audit Completed in 747ms
269 timing reify Completed in 1135ms
270 silly ADD
271 silly ADD
272 silly ADD
273 silly ADD
274 silly ADD
275 silly ADD
276 silly ADD
277 silly ADD
278 silly ADD
279 silly ADD
280 silly ADD
281 silly ADD
282 silly ADD
283 silly ADD
284 silly ADD
285 silly ADD
286 silly ADD
287 silly ADD
288 silly ADD
289 silly ADD
290 silly ADD
291 silly ADD
292 silly ADD
293 silly ADD
294 silly ADD
295 silly ADD
296 silly ADD
297 silly ADD
298 silly ADD
299 silly ADD
300 silly ADD
301 silly ADD
302 silly ADD
303 silly ADD
304 silly ADD
305 silly ADD
306 silly ADD
307 silly ADD
308 silly ADD
309 silly ADD
310 silly ADD
311 silly ADD
312 silly ADD
313 silly ADD
314 silly ADD
315 silly ADD
316 silly ADD
317 silly ADD
318 silly ADD
319 silly ADD
320 silly ADD
321 silly ADD
322 silly ADD
323 silly ADD
324 silly ADD
325 silly ADD
326 silly ADD
327 silly ADD
328 silly ADD
329 silly ADD
330 silly ADD
331 silly ADD
332 silly ADD
333 silly ADD
334 silly ADD
335 silly ADD
336 silly ADD
337 silly ADD
338 timing command:install Completed in 1146ms
339 verbose exit 0
340 timing npm Completed in 1175ms
341 info ok
